<?xml version="1.0" encoding="UTF-8"?>
<testsuite name="games.game2048.TestAddingValue" tests="4" skipped="0" failures="0" errors="0" timestamp="2020-08-01T14:49:45" hostname="RAJ-PC" time="0.045">
  <properties/>
  <testcase name="test1" classname="games.game2048.TestAddingValue" time="0.039"/>
  <testcase name="test2" classname="games.game2048.TestAddingValue" time="0.003"/>
  <testcase name="test3" classname="games.game2048.TestAddingValue" time="0.001"/>
  <testcase name="test4" classname="games.game2048.TestAddingValue" time="0.001"/>
  <system-out><![CDATA[]]></system-out>
  <system-err><![CDATA[]]></system-err>
</testsuite>
