<?xml version="1.0" encoding="UTF-8"?>
<testsuite name="games.game2048.TestMoveValues" tests="6" skipped="0" failures="0" errors="0" timestamp="2020-08-01T14:49:46" hostname="RAJ-PC" time="0.045">
  <properties/>
  <testcase name="testSimpleMove" classname="games.game2048.TestMoveValues" time="0.007"/>
  <testcase name="testSeveralMoves" classname="games.game2048.TestMoveValues" time="0.004"/>
  <testcase name="testMerge" classname="games.game2048.TestMoveValues" time="0.005"/>
  <testcase name="testMovesInSomeRows" classname="games.game2048.TestMoveValues" time="0.004"/>
  <testcase name="testMoveAndMerge" classname="games.game2048.TestMoveValues" time="0.002"/>
  <testcase name="testNoMove" classname="games.game2048.TestMoveValues" time="0.008"/>
  <system-out><![CDATA[]]></system-out>
  <system-err><![CDATA[]]></system-err>
</testsuite>
